SLURM_JOBID=4683972
SLURM_JOB_NODELIST=cpn-k14-07-02,cpn-k14-28-02
SLURM_NNODES=2
SLURMTMPDIR=/scratch/4683972
Working directory = /gpfs/user/kgvansly/Homework3/Problem2

Currently Loaded Modules:
  1) lmod/5.8   2) StdEnv   3) intel/15.0   4) intel-mpi/5.0.2



make: `hw3p2weak' is up to date.
NPROCS=16
Launch hw3p2weak with srun
Doing Problem 2 with:
 Processor(s)
srun: Warning: can't run 1 processes on 2 nodes, setting nnodes to 1
Num threads = 1
Width of area element = 0.0625
Height of area element = 0.0625
Partial area found by process 0 is 1.49219
Even rank 0 (receiver) world id == 0
Even group rank 0 (receiver) world id == 0
Partial area found by even processes is 1.49219
Receiver world rank is 0
slurmstepd: *** JOB 4683972 ON cpn-k14-07-02 CANCELLED AT 2015-11-06T16:01:09 ***
slurmstepd: *** STEP 4683972.1 ON cpn-k14-07-02 CANCELLED AT 2015-11-06T16:01:09 ***
